#-----------------------------------------------------------
# Vivado v2023.2 (64-bit)
# SW Build 4029153 on Fri Oct 13 20:14:34 MDT 2023
# IP Build 4028589 on Sat Oct 14 00:45:43 MDT 2023
# SharedData Build 4025554 on Tue Oct 10 17:18:54 MDT 2023
# Start of session at: Thu May 30 16:19:54 2024
# Process ID: 28704
# Current directory: C:/Users/niran/OneDrive/Desktop/CPU/project_1
# Command line: vivado.exe -gui_launcher_event rodinguilauncherevent19808 C:\Users\niran\OneDrive\Desktop\CPU\project_1\project_1.xpr
# Log file: C:/Users/niran/OneDrive/Desktop/CPU/project_1/vivado.log
# Journal file: C:/Users/niran/OneDrive/Desktop/CPU/project_1\vivado.jou
# Running On: Niranjan, OS: Windows, CPU Frequency: 1996 MHz, CPU Physical cores: 16, Host memory: 16406 MB
#-----------------------------------------------------------
start_gui
open_project C:/Users/niran/OneDrive/Desktop/CPU/project_1/project_1.xpr
WARNING: [Board 49-26] cannot add Board Part xilinx.com:kc705:part0:1.6 available at C:/Xilinx/Vivado/2023.2/data/xhub/boards/XilinxBoardStore/boards/Xilinx/kc705/1.6/board.xml as part xc7k325tffg900-2 specified in board_part file is either invalid or not available
WARNING: [Board 49-26] cannot add Board Part xilinx.com:kcu105:part0:1.6 available at C:/Xilinx/Vivado/2023.2/data/xhub/boards/XilinxBoardStore/boards/Xilinx/kcu105/1.6/board.xml as part xcku040-ffva1156-2-e specified in board_part file is either invalid or not available
WARNING: [Board 49-26] cannot add Board Part xilinx.com:kcu105:part0:1.7 available at C:/Xilinx/Vivado/2023.2/data/xhub/boards/XilinxBoardStore/boards/Xilinx/kcu105/1.7/board.xml as part xcku040-ffva1156-2-e specified in board_part file is either invalid or not available
WARNING: [Board 49-26] cannot add Board Part xilinx.com:kcu1500:part0:1.2 available at C:/Xilinx/Vivado/2023.2/data/xhub/boards/XilinxBoardStore/boards/Xilinx/kcu1500/1.2/board.xml as part xcku115-flvb2104-2-e specified in board_part file is either invalid or not available
WARNING: [Board 49-26] cannot add Board Part xilinx.com:vc707:part0:1.4 available at C:/Xilinx/Vivado/2023.2/data/xhub/boards/XilinxBoardStore/boards/Xilinx/vc707/1.4/board.xml as part xc7vx485tffg1761-2 specified in board_part file is either invalid or not available
WARNING: [Board 49-26] cannot add Board Part xilinx.com:vc709:part0:1.8 available at C:/Xilinx/Vivado/2023.2/data/xhub/boards/XilinxBoardStore/boards/Xilinx/vc709/1.8/board.xml as part xc7vx690tffg1761-2 specified in board_part file is either invalid or not available
WARNING: [Board 49-26] cannot add Board Part xilinx.com:vck190:part0:2.2 available at C:/Xilinx/Vivado/2023.2/data/xhub/boards/XilinxBoardStore/boards/Xilinx/vck190/production/2.2/board.xml as part xcvc1902-vsva2197-2mp-e-s specified in board_part file is either invalid or not available
WARNING: [Board 49-26] cannot add Board Part xilinx.com:vck190:part0:3.0 available at C:/Xilinx/Vivado/2023.2/data/xhub/boards/XilinxBoardStore/boards/Xilinx/vck190/production/3.0/board.xml as part xcvc1902-vsva2197-2mp-e-s specified in board_part file is either invalid or not available
WARNING: [Board 49-26] cannot add Board Part xilinx.com:vck190:part0:3.1 available at C:/Xilinx/Vivado/2023.2/data/xhub/boards/XilinxBoardStore/boards/Xilinx/vck190/production/3.1/board.xml as part xcvc1902-vsva2197-2mp-e-s specified in board_part file is either invalid or not available
WARNING: [Board 49-26] cannot add Board Part xilinx.com:vck190:part0:3.2 available at C:/Xilinx/Vivado/2023.2/data/xhub/boards/XilinxBoardStore/boards/Xilinx/vck190/production/3.2/board.xml as part xcvc1902-vsva2197-2mp-e-s specified in board_part file is either invalid or not available
WARNING: [Board 49-26] cannot add Board Part xilinx.com:vck190_newl:part0:1.0 available at C:/Xilinx/Vivado/2023.2/data/xhub/boards/XilinxBoardStore/boards/Xilinx/vck190_newl/production/1.0/board.xml as part xcvc1902-vsva2197-2mp-e-s specified in board_part file is either invalid or not available
WARNING: [Board 49-26] cannot add Board Part xilinx.com:vck190_newl:part0:1.1 available at C:/Xilinx/Vivado/2023.2/data/xhub/boards/XilinxBoardStore/boards/Xilinx/vck190_newl/production/1.1/board.xml as part xcvc1902-vsva2197-2mp-e-s specified in board_part file is either invalid or not available
WARNING: [Board 49-26] cannot add Board Part xilinx.com:vcu108:part0:1.6 available at C:/Xilinx/Vivado/2023.2/data/xhub/boards/XilinxBoardStore/boards/Xilinx/vcu108/1.6/board.xml as part xcvu095-ffva2104-2-e specified in board_part file is either invalid or not available
WARNING: [Board 49-26] cannot add Board Part xilinx.com:vcu108:part0:1.7 available at C:/Xilinx/Vivado/2023.2/data/xhub/boards/XilinxBoardStore/boards/Xilinx/vcu108/1.7/board.xml as part xcvu095-ffva2104-2-e specified in board_part file is either invalid or not available
WARNING: [Board 49-26] cannot add Board Part xilinx.com:vcu110:part0:1.4 available at C:/Xilinx/Vivado/2023.2/data/xhub/boards/XilinxBoardStore/boards/Xilinx/vcu110/1.4/board.xml as part xcvu190-flgc2104-2-e specified in board_part file is either invalid or not available
WARNING: [Board 49-26] cannot add Board Part xilinx.com:vcu118:part0:2.0 available at C:/Xilinx/Vivado/2023.2/data/xhub/boards/XilinxBoardStore/boards/Xilinx/vcu118/2.0/board.xml as part xcvu9p-flga2104-2l-e specified in board_part file is either invalid or not available
WARNING: [Board 49-26] cannot add Board Part xilinx.com:vcu118:part0:2.3 available at C:/Xilinx/Vivado/2023.2/data/xhub/boards/XilinxBoardStore/boards/Xilinx/vcu118/2.3/board.xml as part xcvu9p-flga2104-2l-e specified in board_part file is either invalid or not available
WARNING: [Board 49-26] cannot add Board Part xilinx.com:vcu118:part0:2.4 available at C:/Xilinx/Vivado/2023.2/data/xhub/boards/XilinxBoardStore/boards/Xilinx/vcu118/2.4/board.xml as part xcvu9p-flga2104-2l-e specified in board_part file is either invalid or not available
WARNING: [Board 49-26] cannot add Board Part xilinx.com:vcu129:part0:1.0 available at C:/Xilinx/Vivado/2023.2/data/xhub/boards/XilinxBoardStore/boards/Xilinx/vcu129/production/1.0/board.xml as part xcvu29p-fsga2577-2l-e specified in board_part file is either invalid or not available
WARNING: [Board 49-26] cannot add Board Part xilinx.com:vcu1525:part0:1.3 available at C:/Xilinx/Vivado/2023.2/data/xhub/boards/XilinxBoardStore/boards/Xilinx/vcu1525/1.3/board.xml as part xcvu9p-fsgd2104-2l-e specified in board_part file is either invalid or not available
WARNING: [Board 49-26] cannot add Board Part xilinx.com:vek280:part0:1.0 available at C:/Xilinx/Vivado/2023.2/data/xhub/boards/XilinxBoardStore/boards/Xilinx/vek280/production/1.0/board.xml as part xcve2802-vsvh1760-2mp-e-s specified in board_part file is either invalid or not available
WARNING: [Board 49-26] cannot add Board Part xilinx.com:vek280_es:part0:1.0 available at C:/Xilinx/Vivado/2023.2/data/xhub/boards/XilinxBoardStore/boards/Xilinx/vek280/es/rev_a/1.0/board.xml as part xcve2802-vsvh1760-2lp-e-s-es1 specified in board_part file is either invalid or not available
WARNING: [Board 49-26] cannot add Board Part xilinx.com:vek280_es:part0:1.1 available at C:/Xilinx/Vivado/2023.2/data/xhub/boards/XilinxBoardStore/boards/Xilinx/vek280/es/rev_a/1.1/board.xml as part xcve2802-vsvh1760-2lp-e-s-es1 specified in board_part file is either invalid or not available
WARNING: [Board 49-26] cannot add Board Part xilinx.com:vek280_es_revb:part0:1.0 available at C:/Xilinx/Vivado/2023.2/data/xhub/boards/XilinxBoardStore/boards/Xilinx/vek280/es/rev_b/1.0/board.xml as part xcve2802-vsvh1760-2mp-e-s-es1 specified in board_part file is either invalid or not available
WARNING: [Board 49-26] cannot add Board Part xilinx.com:vek280_es_revb:part0:1.1 available at C:/Xilinx/Vivado/2023.2/data/xhub/boards/XilinxBoardStore/boards/Xilinx/vek280/es/rev_b/1.1/board.xml as part xcve2802-vsvh1760-2mp-e-s-es1 specified in board_part file is either invalid or not available
WARNING: [Board 49-26] cannot add Board Part xilinx.com:vermeo_t1_mpsoc:part0:1.0 available at C:/Xilinx/Vivado/2023.2/data/xhub/boards/XilinxBoardStore/boards/Xilinx/vermeo_t1_mpsoc/1.0/board.xml as part xczu19eg-ffvd1760-2l-e specified in board_part file is either invalid or not available
WARNING: [Board 49-26] cannot add Board Part xilinx.com:vermeo_t1_rfsoc:part0:1.0 available at C:/Xilinx/Vivado/2023.2/data/xhub/boards/XilinxBoardStore/boards/Xilinx/vermeo_t1_rfsoc/1.0/board.xml as part xczu21dr-ffvd1156-2l-e specified in board_part file is either invalid or not available
WARNING: [Board 49-26] cannot add Board Part xilinx.com:vhk158:part0:1.0 available at C:/Xilinx/Vivado/2023.2/data/xhub/boards/XilinxBoardStore/boards/Xilinx/vhk158/production/1.0/board.xml as part xcvh1582-vsva3697-2mp-e-s specified in board_part file is either invalid or not available
WARNING: [Board 49-26] cannot add Board Part xilinx.com:vhk158:part0:1.1 available at C:/Xilinx/Vivado/2023.2/data/xhub/boards/XilinxBoardStore/boards/Xilinx/vhk158/production/1.1/board.xml as part xcvh1582-vsva3697-2mp-e-s specified in board_part file is either invalid or not available
WARNING: [Board 49-26] cannot add Board Part xilinx.com:vhk158_es:part0:1.0 available at C:/Xilinx/Vivado/2023.2/data/xhub/boards/XilinxBoardStore/boards/Xilinx/vhk158/es/1.0/board.xml as part xcvh1582-vsva3697-2mp-e-s-es1 specified in board_part file is either invalid or not available
WARNING: [Board 49-26] cannot add Board Part xilinx.com:vhk158_es:part0:1.1 available at C:/Xilinx/Vivado/2023.2/data/xhub/boards/XilinxBoardStore/boards/Xilinx/vhk158/es/1.1/board.xml as part xcvh1582-vsva3697-2mp-e-s-es1 specified in board_part file is either invalid or not available
WARNING: [Board 49-26] cannot add Board Part xilinx.com:vmk180:part0:2.2 available at C:/Xilinx/Vivado/2023.2/data/xhub/boards/XilinxBoardStore/boards/Xilinx/vmk180/production/2.2/board.xml as part xcvm1802-vsva2197-2mp-e-s specified in board_part file is either invalid or not available
WARNING: [Board 49-26] cannot add Board Part xilinx.com:vmk180:part0:3.0 available at C:/Xilinx/Vivado/2023.2/data/xhub/boards/XilinxBoardStore/boards/Xilinx/vmk180/production/3.0/board.xml as part xcvm1802-vsva2197-2mp-e-s specified in board_part file is either invalid or not available
WARNING: [Board 49-26] cannot add Board Part xilinx.com:vmk180:part0:3.1 available at C:/Xilinx/Vivado/2023.2/data/xhub/boards/XilinxBoardStore/boards/Xilinx/vmk180/production/3.1/board.xml as part xcvm1802-vsva2197-2mp-e-s specified in board_part file is either invalid or not available
WARNING: [Board 49-26] cannot add Board Part xilinx.com:vmk180:part0:3.2 available at C:/Xilinx/Vivado/2023.2/data/xhub/boards/XilinxBoardStore/boards/Xilinx/vmk180/production/3.2/board.xml as part xcvm1802-vsva2197-2mp-e-s specified in board_part file is either invalid or not available
WARNING: [Board 49-26] cannot add Board Part xilinx.com:vmk180_newl:part0:1.0 available at C:/Xilinx/Vivado/2023.2/data/xhub/boards/XilinxBoardStore/boards/Xilinx/vmk180_newl/production/1.0/board.xml as part xcvm1802-vsva2197-2mp-e-s specified in board_part file is either invalid or not available
WARNING: [Board 49-26] cannot add Board Part xilinx.com:vmk180_newl:part0:1.1 available at C:/Xilinx/Vivado/2023.2/data/xhub/boards/XilinxBoardStore/boards/Xilinx/vmk180_newl/production/1.1/board.xml as part xcvm1802-vsva2197-2mp-e-s specified in board_part file is either invalid or not available
WARNING: [Board 49-26] cannot add Board Part xilinx.com:vpk120:part0:1.0 available at C:/Xilinx/Vivado/2023.2/data/xhub/boards/XilinxBoardStore/boards/Xilinx/vpk120/production/1.0/board.xml as part xcvp1202-vsva2785-2mp-e-s specified in board_part file is either invalid or not available
WARNING: [Board 49-26] cannot add Board Part xilinx.com:vpk120:part0:1.1 available at C:/Xilinx/Vivado/2023.2/data/xhub/boards/XilinxBoardStore/boards/Xilinx/vpk120/production/1.1/board.xml as part xcvp1202-vsva2785-2mp-e-s specified in board_part file is either invalid or not available
WARNING: [Board 49-26] cannot add Board Part xilinx.com:vpk120:part0:1.2 available at C:/Xilinx/Vivado/2023.2/data/xhub/boards/XilinxBoardStore/boards/Xilinx/vpk120/production/1.2/board.xml as part xcvp1202-vsva2785-2mp-e-s specified in board_part file is either invalid or not available
WARNING: [Board 49-26] cannot add Board Part xilinx.com:vpk180:part0:1.0 available at C:/Xilinx/Vivado/2023.2/data/xhub/boards/XilinxBoardStore/boards/Xilinx/vpk180/production/1.0/board.xml as part xcvp1802-lsvc4072-2mp-e-s specified in board_part file is either invalid or not available
WARNING: [Board 49-26] cannot add Board Part xilinx.com:vpk180:part0:1.1 available at C:/Xilinx/Vivado/2023.2/data/xhub/boards/XilinxBoardStore/boards/Xilinx/vpk180/production/1.1/board.xml as part xcvp1802-lsvc4072-2mp-e-s specified in board_part file is either invalid or not available
WARNING: [Board 49-26] cannot add Board Part xilinx.com:zc706:part0:1.4 available at C:/Xilinx/Vivado/2023.2/data/xhub/boards/XilinxBoardStore/boards/Xilinx/zc706/1.4/board.xml as part xc7z045ffg900-2 specified in board_part file is either invalid or not available
WARNING: [Board 49-26] cannot add Board Part xilinx.com:zcu102:part0:3.3 available at C:/Xilinx/Vivado/2023.2/data/xhub/boards/XilinxBoardStore/boards/Xilinx/zcu102/3.3/board.xml as part xczu9eg-ffvb1156-2-e specified in board_part file is either invalid or not available
WARNING: [Board 49-26] cannot add Board Part xilinx.com:zcu102:part0:3.4 available at C:/Xilinx/Vivado/2023.2/data/xhub/boards/XilinxBoardStore/boards/Xilinx/zcu102/3.4/board.xml as part xczu9eg-ffvb1156-2-e specified in board_part file is either invalid or not available
WARNING: [Board 49-26] cannot add Board Part xilinx.com:zcu111:part0:1.2 available at C:/Xilinx/Vivado/2023.2/data/xhub/boards/XilinxBoardStore/boards/Xilinx/zcu111/1.2/board.xml as part xczu28dr-ffvg1517-2-e specified in board_part file is either invalid or not available
WARNING: [Board 49-26] cannot add Board Part xilinx.com:zcu111:part0:1.3 available at C:/Xilinx/Vivado/2023.2/data/xhub/boards/XilinxBoardStore/boards/Xilinx/zcu111/1.3/board.xml as part xczu28dr-ffvg1517-2-e specified in board_part file is either invalid or not available
WARNING: [Board 49-26] cannot add Board Part xilinx.com:zcu111:part0:1.4 available at C:/Xilinx/Vivado/2023.2/data/xhub/boards/XilinxBoardStore/boards/Xilinx/zcu111/1.4/board.xml as part xczu28dr-ffvg1517-2-e specified in board_part file is either invalid or not available
WARNING: [Board 49-26] cannot add Board Part xilinx.com:zcu1275:part0:1.0 available at C:/Xilinx/Vivado/2023.2/data/xhub/boards/XilinxBoardStore/boards/Xilinx/zcu1275/1.0/board.xml as part xczu29dr-ffvf1760-2-e specified in board_part file is either invalid or not available
WARNING: [Board 49-26] cannot add Board Part xilinx.com:zcu1285:part0:1.0 available at C:/Xilinx/Vivado/2023.2/data/xhub/boards/XilinxBoardStore/boards/Xilinx/zcu1285/1.0/board.xml as part xczu39dr-ffvf1760-2-i specified in board_part file is either invalid or not available
WARNING: [Board 49-26] cannot add Board Part xilinx.com:zcu208:part0:2.0 available at C:/Xilinx/Vivado/2023.2/data/xhub/boards/XilinxBoardStore/boards/Xilinx/zcu208/production/2.0/board.xml as part xczu48dr-fsvg1517-2-e specified in board_part file is either invalid or not available
WARNING: [Board 49-26] cannot add Board Part xilinx.com:zcu208ld:part0:2.0 available at C:/Xilinx/Vivado/2023.2/data/xhub/boards/XilinxBoardStore/boards/Xilinx/zcu208ld/production/2.0/board.xml as part xczu58dr-fsvg1517-2-i specified in board_part file is either invalid or not available
WARNING: [Board 49-26] cannot add Board Part xilinx.com:zcu216:part0:2.0 available at C:/Xilinx/Vivado/2023.2/data/xhub/boards/XilinxBoardStore/boards/Xilinx/zcu216/production/2.0/board.xml as part xczu49dr-ffvf1760-2-e specified in board_part file is either invalid or not available
WARNING: [Board 49-26] cannot add Board Part xilinx.com:zcu216ld:part0:2.0 available at C:/Xilinx/Vivado/2023.2/data/xhub/boards/XilinxBoardStore/boards/Xilinx/zcu216ld/production/2.0/board.xml as part xczu59dr-ffvf1760-2-i specified in board_part file is either invalid or not available
WARNING: [Board 49-26] cannot add Board Part xilinx.com:zcu670:part0:2.0 available at C:/Xilinx/Vivado/2023.2/data/xhub/boards/XilinxBoardStore/boards/Xilinx/zcu670/2.0/board.xml as part xczu67dr-fsve1156-2-i specified in board_part file is either invalid or not available
WARNING: [Board 49-26] cannot add Board Part xilinx.com:zcu670ld:part0:1.0 available at C:/Xilinx/Vivado/2023.2/data/xhub/boards/XilinxBoardStore/boards/Xilinx/zcu670ld/1.0/board.xml as part xczu57dr-fsve1156-2-i specified in board_part file is either invalid or not available
INFO: [filemgmt 56-3] Default IP Output Path : Could not find the directory 'C:/Users/niran/OneDrive/Desktop/CPU/project_1/project_1.gen/sources_1'.
Scanning sources...
Finished scanning sources
INFO: [IP_Flow 19-234] Refreshing IP repositories
INFO: [IP_Flow 19-1704] No user IP repositories specified
INFO: [IP_Flow 19-2313] Loaded Vivado IP repository 'C:/Xilinx/Vivado/2023.2/data/ip'.
open_project: Time (s): cpu = 00:00:15 ; elapsed = 00:00:11 . Memory (MB): peak = 1465.070 ; gain = 325.324
update_compile_order -fileset sources_1
synth_design -rtl -rtl_skip_mlo -name rtl_1
Command: synth_design -rtl -rtl_skip_mlo -name rtl_1
Starting synth_design
Using part: xc7k70tfbv676-1
Top: Top_Module
INFO: [Device 21-403] Loading part xc7k70tfbv676-1
INFO: [Synth 8-7079] Multithreading enabled for synth_design using a maximum of 2 processes.
INFO: [Synth 8-7078] Launching helper process for spawning children vivado processes
INFO: [Synth 8-7075] Helper process launched with PID 22244
---------------------------------------------------------------------------------
Starting RTL Elaboration : Time (s): cpu = 00:00:06 ; elapsed = 00:00:07 . Memory (MB): peak = 2292.215 ; gain = 428.812
---------------------------------------------------------------------------------
INFO: [Synth 8-6157] synthesizing module 'Top_Module' [C:/Users/niran/OneDrive/Desktop/CPU/project_1/project_1.srcs/sources_1/new/Top_Module.v:23]
INFO: [Synth 8-6157] synthesizing module 'Program_Counter' [C:/Users/niran/OneDrive/Desktop/CPU/project_1/project_1.srcs/sources_1/new/Program_Counter.v:23]
INFO: [Synth 8-6155] done synthesizing module 'Program_Counter' (0#1) [C:/Users/niran/OneDrive/Desktop/CPU/project_1/project_1.srcs/sources_1/new/Program_Counter.v:23]
INFO: [Synth 8-6157] synthesizing module 'Program_counter_adder' [C:/Users/niran/OneDrive/Desktop/CPU/project_1/project_1.srcs/sources_1/new/Program_counter_adder.v:23]
INFO: [Synth 8-6155] done synthesizing module 'Program_counter_adder' (0#1) [C:/Users/niran/OneDrive/Desktop/CPU/project_1/project_1.srcs/sources_1/new/Program_counter_adder.v:23]
INFO: [Synth 8-6157] synthesizing module 'Instruction_memory' [C:/Users/niran/OneDrive/Desktop/CPU/project_1/project_1.srcs/sources_1/new/Instruction_memory.v:23]
INFO: [Synth 8-6155] done synthesizing module 'Instruction_memory' (0#1) [C:/Users/niran/OneDrive/Desktop/CPU/project_1/project_1.srcs/sources_1/new/Instruction_memory.v:23]
INFO: [Synth 8-6157] synthesizing module 'Register_file' [C:/Users/niran/OneDrive/Desktop/CPU/project_1/project_1.srcs/sources_1/new/Register_file.v:23]
INFO: [Synth 8-6155] done synthesizing module 'Register_file' (0#1) [C:/Users/niran/OneDrive/Desktop/CPU/project_1/project_1.srcs/sources_1/new/Register_file.v:23]
INFO: [Synth 8-6157] synthesizing module 'sign_extend' [C:/Users/niran/OneDrive/Desktop/CPU/project_1/project_1.srcs/sources_1/new/sign_extend.v:23]
INFO: [Synth 8-6155] done synthesizing module 'sign_extend' (0#1) [C:/Users/niran/OneDrive/Desktop/CPU/project_1/project_1.srcs/sources_1/new/sign_extend.v:23]
INFO: [Synth 8-6157] synthesizing module 'ALU' [C:/Users/niran/OneDrive/Desktop/CPU/project_1/project_1.srcs/sources_1/new/ALU.v:23]
INFO: [Synth 8-6155] done synthesizing module 'ALU' (0#1) [C:/Users/niran/OneDrive/Desktop/CPU/project_1/project_1.srcs/sources_1/new/ALU.v:23]
INFO: [Synth 8-6157] synthesizing module 'Data_Memory' [C:/Users/niran/OneDrive/Desktop/CPU/project_1/project_1.srcs/sources_1/new/Data_Memory.v:23]
INFO: [Synth 8-6155] done synthesizing module 'Data_Memory' (0#1) [C:/Users/niran/OneDrive/Desktop/CPU/project_1/project_1.srcs/sources_1/new/Data_Memory.v:23]
INFO: [Synth 8-6157] synthesizing module 'Main_control_unit' [C:/Users/niran/OneDrive/Desktop/CPU/project_1/project_1.srcs/sources_1/new/Main_control_unit.v:23]
INFO: [Synth 8-6157] synthesizing module 'Main_Decoder' [C:/Users/niran/OneDrive/Desktop/CPU/project_1/project_1.srcs/sources_1/new/Main_Decoder.v:23]
INFO: [Synth 8-6155] done synthesizing module 'Main_Decoder' (0#1) [C:/Users/niran/OneDrive/Desktop/CPU/project_1/project_1.srcs/sources_1/new/Main_Decoder.v:23]
INFO: [Synth 8-6157] synthesizing module 'ALU_decoder' [C:/Users/niran/OneDrive/Desktop/CPU/project_1/project_1.srcs/sources_1/new/ALU_decoder.v:23]
INFO: [Synth 8-6155] done synthesizing module 'ALU_decoder' (0#1) [C:/Users/niran/OneDrive/Desktop/CPU/project_1/project_1.srcs/sources_1/new/ALU_decoder.v:23]
INFO: [Synth 8-6155] done synthesizing module 'Main_control_unit' (0#1) [C:/Users/niran/OneDrive/Desktop/CPU/project_1/project_1.srcs/sources_1/new/Main_control_unit.v:23]
INFO: [Synth 8-6157] synthesizing module 'mux1' [C:/Users/niran/OneDrive/Desktop/CPU/project_1/project_1.srcs/sources_1/new/mux1.v:23]
INFO: [Synth 8-6155] done synthesizing module 'mux1' (0#1) [C:/Users/niran/OneDrive/Desktop/CPU/project_1/project_1.srcs/sources_1/new/mux1.v:23]
INFO: [Synth 8-6155] done synthesizing module 'Top_Module' (0#1) [C:/Users/niran/OneDrive/Desktop/CPU/project_1/project_1.srcs/sources_1/new/Top_Module.v:23]
WARNING: [Synth 8-3848] Net B in module/entity sign_extend does not have driver. [C:/Users/niran/OneDrive/Desktop/CPU/project_1/project_1.srcs/sources_1/new/sign_extend.v:25]
WARNING: [Synth 8-7129] Port op in module ALU_decoder is either unconnected or has no load
WARNING: [Synth 8-7129] Port funct7 in module ALU_decoder is either unconnected or has no load
WARNING: [Synth 8-7129] Port A[31] in module Data_Memory is either unconnected or has no load
WARNING: [Synth 8-7129] Port A[30] in module Data_Memory is either unconnected or has no load
WARNING: [Synth 8-7129] Port A[29] in module Data_Memory is either unconnected or has no load
WARNING: [Synth 8-7129] Port A[28] in module Data_Memory is either unconnected or has no load
WARNING: [Synth 8-7129] Port A[27] in module Data_Memory is either unconnected or has no load
WARNING: [Synth 8-7129] Port A[26] in module Data_Memory is either unconnected or has no load
WARNING: [Synth 8-7129] Port A[25] in module Data_Memory is either unconnected or has no load
WARNING: [Synth 8-7129] Port A[24] in module Data_Memory is either unconnected or has no load
WARNING: [Synth 8-7129] Port A[23] in module Data_Memory is either unconnected or has no load
WARNING: [Synth 8-7129] Port A[22] in module Data_Memory is either unconnected or has no load
WARNING: [Synth 8-7129] Port A[21] in module Data_Memory is either unconnected or has no load
WARNING: [Synth 8-7129] Port A[20] in module Data_Memory is either unconnected or has no load
WARNING: [Synth 8-7129] Port A[19] in module Data_Memory is either unconnected or has no load
WARNING: [Synth 8-7129] Port A[18] in module Data_Memory is either unconnected or has no load
WARNING: [Synth 8-7129] Port A[17] in module Data_Memory is either unconnected or has no load
WARNING: [Synth 8-7129] Port A[16] in module Data_Memory is either unconnected or has no load
WARNING: [Synth 8-7129] Port A[15] in module Data_Memory is either unconnected or has no load
WARNING: [Synth 8-7129] Port A[14] in module Data_Memory is either unconnected or has no load
WARNING: [Synth 8-7129] Port A[13] in module Data_Memory is either unconnected or has no load
WARNING: [Synth 8-7129] Port A[12] in module Data_Memory is either unconnected or has no load
WARNING: [Synth 8-7129] Port A[11] in module Data_Memory is either unconnected or has no load
WARNING: [Synth 8-7129] Port A[10] in module Data_Memory is either unconnected or has no load
WARNING: [Synth 8-7129] Port B[31] in module sign_extend is either unconnected or has no load
WARNING: [Synth 8-7129] Port B[30] in module sign_extend is either unconnected or has no load
WARNING: [Synth 8-7129] Port B[29] in module sign_extend is either unconnected or has no load
WARNING: [Synth 8-7129] Port B[28] in module sign_extend is either unconnected or has no load
WARNING: [Synth 8-7129] Port B[27] in module sign_extend is either unconnected or has no load
WARNING: [Synth 8-7129] Port B[26] in module sign_extend is either unconnected or has no load
WARNING: [Synth 8-7129] Port B[25] in module sign_extend is either unconnected or has no load
WARNING: [Synth 8-7129] Port B[24] in module sign_extend is either unconnected or has no load
WARNING: [Synth 8-7129] Port B[23] in module sign_extend is either unconnected or has no load
WARNING: [Synth 8-7129] Port B[22] in module sign_extend is either unconnected or has no load
WARNING: [Synth 8-7129] Port B[21] in module sign_extend is either unconnected or has no load
WARNING: [Synth 8-7129] Port B[20] in module sign_extend is either unconnected or has no load
WARNING: [Synth 8-7129] Port B[19] in module sign_extend is either unconnected or has no load
WARNING: [Synth 8-7129] Port B[18] in module sign_extend is either unconnected or has no load
WARNING: [Synth 8-7129] Port B[17] in module sign_extend is either unconnected or has no load
WARNING: [Synth 8-7129] Port B[16] in module sign_extend is either unconnected or has no load
WARNING: [Synth 8-7129] Port B[15] in module sign_extend is either unconnected or has no load
WARNING: [Synth 8-7129] Port B[14] in module sign_extend is either unconnected or has no load
WARNING: [Synth 8-7129] Port B[13] in module sign_extend is either unconnected or has no load
WARNING: [Synth 8-7129] Port B[12] in module sign_extend is either unconnected or has no load
WARNING: [Synth 8-7129] Port B[11] in module sign_extend is either unconnected or has no load
WARNING: [Synth 8-7129] Port B[10] in module sign_extend is either unconnected or has no load
WARNING: [Synth 8-7129] Port B[9] in module sign_extend is either unconnected or has no load
WARNING: [Synth 8-7129] Port B[8] in module sign_extend is either unconnected or has no load
WARNING: [Synth 8-7129] Port B[7] in module sign_extend is either unconnected or has no load
WARNING: [Synth 8-7129] Port B[6] in module sign_extend is either unconnected or has no load
WARNING: [Synth 8-7129] Port B[5] in module sign_extend is either unconnected or has no load
WARNING: [Synth 8-7129] Port B[4] in module sign_extend is either unconnected or has no load
WARNING: [Synth 8-7129] Port B[3] in module sign_extend is either unconnected or has no load
WARNING: [Synth 8-7129] Port B[2] in module sign_extend is either unconnected or has no load
WARNING: [Synth 8-7129] Port B[1] in module sign_extend is either unconnected or has no load
WARNING: [Synth 8-7129] Port B[0] in module sign_extend is either unconnected or has no load
WARNING: [Synth 8-7129] Port A[31] in module sign_extend is either unconnected or has no load
WARNING: [Synth 8-7129] Port A[30] in module sign_extend is either unconnected or has no load
WARNING: [Synth 8-7129] Port A[29] in module sign_extend is either unconnected or has no load
WARNING: [Synth 8-7129] Port A[28] in module sign_extend is either unconnected or has no load
WARNING: [Synth 8-7129] Port A[27] in module sign_extend is either unconnected or has no load
WARNING: [Synth 8-7129] Port A[26] in module sign_extend is either unconnected or has no load
WARNING: [Synth 8-7129] Port A[25] in module sign_extend is either unconnected or has no load
WARNING: [Synth 8-7129] Port A[24] in module sign_extend is either unconnected or has no load
WARNING: [Synth 8-7129] Port A[23] in module sign_extend is either unconnected or has no load
WARNING: [Synth 8-7129] Port A[22] in module sign_extend is either unconnected or has no load
WARNING: [Synth 8-7129] Port A[21] in module sign_extend is either unconnected or has no load
WARNING: [Synth 8-7129] Port A[20] in module sign_extend is either unconnected or has no load
WARNING: [Synth 8-7129] Port A[19] in module sign_extend is either unconnected or has no load
WARNING: [Synth 8-7129] Port A[18] in module sign_extend is either unconnected or has no load
WARNING: [Synth 8-7129] Port A[17] in module sign_extend is either unconnected or has no load
WARNING: [Synth 8-7129] Port A[16] in module sign_extend is either unconnected or has no load
WARNING: [Synth 8-7129] Port A[15] in module sign_extend is either unconnected or has no load
WARNING: [Synth 8-7129] Port A[14] in module sign_extend is either unconnected or has no load
WARNING: [Synth 8-7129] Port A[13] in module sign_extend is either unconnected or has no load
WARNING: [Synth 8-7129] Port A[12] in module sign_extend is either unconnected or has no load
WARNING: [Synth 8-7129] Port A[11] in module sign_extend is either unconnected or has no load
WARNING: [Synth 8-7129] Port A[10] in module sign_extend is either unconnected or has no load
WARNING: [Synth 8-7129] Port A[9] in module sign_extend is either unconnected or has no load
WARNING: [Synth 8-7129] Port A[8] in module sign_extend is either unconnected or has no load
WARNING: [Synth 8-7129] Port A[7] in module sign_extend is either unconnected or has no load
WARNING: [Synth 8-7129] Port A[6] in module sign_extend is either unconnected or has no load
WARNING: [Synth 8-7129] Port A[5] in module sign_extend is either unconnected or has no load
WARNING: [Synth 8-7129] Port A[4] in module sign_extend is either unconnected or has no load
WARNING: [Synth 8-7129] Port A[3] in module sign_extend is either unconnected or has no load
WARNING: [Synth 8-7129] Port A[2] in module sign_extend is either unconnected or has no load
WARNING: [Synth 8-7129] Port A[1] in module sign_extend is either unconnected or has no load
WARNING: [Synth 8-7129] Port A[0] in module sign_extend is either unconnected or has no load
WARNING: [Synth 8-7129] Port ImmSrc[1] in module sign_extend is either unconnected or has no load
WARNING: [Synth 8-7129] Port ImmSrc[0] in module sign_extend is either unconnected or has no load
WARNING: [Synth 8-7129] Port A3[4] in module Register_file is either unconnected or has no load
WARNING: [Synth 8-7129] Port A3[3] in module Register_file is either unconnected or has no load
WARNING: [Synth 8-7129] Port A3[2] in module Register_file is either unconnected or has no load
WARNING: [Synth 8-7129] Port A3[1] in module Register_file is either unconnected or has no load
WARNING: [Synth 8-7129] Port A3[0] in module Register_file is either unconnected or has no load
WARNING: [Synth 8-7129] Port clk in module Register_file is either unconnected or has no load
WARNING: [Synth 8-7129] Port WE3 in module Register_file is either unconnected or has no load
WARNING: [Synth 8-7129] Port WD3[31] in module Register_file is either unconnected or has no load
WARNING: [Synth 8-7129] Port WD3[30] in module Register_file is either unconnected or has no load
WARNING: [Synth 8-7129] Port WD3[29] in module Register_file is either unconnected or has no load
INFO: [Common 17-14] Message 'Synth 8-7129' appears 100 times and further instances of the messages will be disabled. Use the Tcl command set_msg_config to change the current settings.
---------------------------------------------------------------------------------
Finished RTL Elaboration : Time (s): cpu = 00:00:08 ; elapsed = 00:00:09 . Memory (MB): peak = 2401.445 ; gain = 538.043
---------------------------------------------------------------------------------
---------------------------------------------------------------------------------
Start Handling Custom Attributes
---------------------------------------------------------------------------------
---------------------------------------------------------------------------------
Finished Handling Custom Attributes : Time (s): cpu = 00:00:08 ; elapsed = 00:00:09 . Memory (MB): peak = 2401.445 ; gain = 538.043
---------------------------------------------------------------------------------
---------------------------------------------------------------------------------
Finished RTL Optimization Phase 1 : Time (s): cpu = 00:00:08 ; elapsed = 00:00:09 . Memory (MB): peak = 2401.445 ; gain = 538.043
---------------------------------------------------------------------------------
Netlist sorting complete. Time (s): cpu = 00:00:00 ; elapsed = 00:00:00.010 . Memory (MB): peak = 2401.445 ; gain = 0.000
INFO: [Project 1-570] Preparing netlist for logic optimization

Processing XDC Constraints
Initializing timing engine
Completed Processing XDC Constraints

Netlist sorting complete. Time (s): cpu = 00:00:00 ; elapsed = 00:00:00 . Memory (MB): peak = 2456.293 ; gain = 0.000
INFO: [Project 1-111] Unisim Transformation Summary:
No Unisim elements were transformed.

RTL Elaboration Complete:  : Time (s): cpu = 00:00:13 ; elapsed = 00:00:13 . Memory (MB): peak = 2511.277 ; gain = 647.875
31 Infos, 101 Warnings, 0 Critical Warnings and 0 Errors encountered.
synth_design completed successfully
synth_design: Time (s): cpu = 00:00:17 ; elapsed = 00:00:18 . Memory (MB): peak = 2511.277 ; gain = 995.656
exit
INFO: [Common 17-206] Exiting Vivado at Thu May 30 16:26:45 2024...
